<?xml version="1.0" encoding="UTF-8"?>
<!-- Generated by org.testng.reporters.JUnitXMLReporter -->
<testsuite hostname="SIL-WIN-6" ignored="0" name="NFM Automation Testing Report" tests="3" failures="0" timestamp="03 Mar 2021 06:52:45 GMT" time="43.24" errors="0">
  <testcase name="intialization" time="42.2" classname="com.nfm.testcases.TC_01_NFM_HomePage_TC"/>
  <testcase name="TC_Verify_HomePage_Title" time="0.075" classname="com.nfm.testcases.TC_01_NFM_HomePage_TC"/>
  <testcase name="closebrowser" time="0.878" classname="com.nfm.testcases.TC_01_NFM_HomePage_TC"/>
</testsuite> <!-- NFM Automation Testing Report -->
