<?xml version="1.0" encoding="UTF-8"?>
<!-- Generated by org.testng.reporters.JUnitXMLReporter -->
<testsuite hostname="SIL-WIN-6" ignored="1" name="Test" tests="2" failures="0" timestamp="07 May 2020 11:10:39 GMT" time="17.114" errors="0">
  <testcase name="intialization" time="17.082" classname="com.nfm.testcases.TC_01_NFM_HomePage_TC"/>
  <testcase name="TC_Verify_HomePage_Title" time="0.009" classname="com.nfm.testcases.TC_01_NFM_HomePage_TC"/>
  <testcase name="closebrowser" time="0.0" classname="com.nfm.testcases.TC_01_NFM_HomePage_TC">
    <ignored/>
  </testcase> <!-- closebrowser -->
</testsuite> <!-- Test -->
