<?xml version="1.0" encoding="UTF-8"?>
<testsuite name="NFM Automation Testing Report"
           tests="3"
           failures="0"
           errors="0"
           skipped="0"
           time="0.005">
  <properties />
  
  
            <testcase name="test7" time="0.001" classname="com.nfm.testcases.TC_Group3" />
                <testcase name="test9" time="0.002" classname="com.nfm.testcases.TC_Group3" />
                <testcase name="test8" time="0.002" classname="com.nfm.testcases.TC_Group3" />
      
</testsuite>
