<?xml version="1.0" encoding="UTF-8"?>
<!-- Generated by org.testng.reporters.JUnitXMLReporter -->
<testsuite hostname="SIL-WIN-6" ignored="3" name="Chrome - ot Automation Testing Report" tests="1" failures="0" timestamp="25 Mar 2021 06:51:38 GMT" time="16.753" errors="0">
  <testcase name="TC_Verify_Login_With_Valid_Email_Valid_Password_Untied_Account" time="9.727" classname="com.ot.testcases.TC_02_OT_LoginPage"/>
  <testcase name="TC_Verify_Login_With_Blank_Email_Blank_Password" time="0.0" classname="com.ot.testcases.TC_02_OT_LoginPage">
    <ignored/>
  </testcase> <!-- TC_Verify_Login_With_Blank_Email_Blank_Password -->
  <testcase name="TC_Verify_Login_With_Valid_Email_INValid_Password" time="0.0" classname="com.ot.testcases.TC_02_OT_LoginPage">
    <ignored/>
  </testcase> <!-- TC_Verify_Login_With_Valid_Email_INValid_Password -->
  <testcase name="TC_Verify_Login_With_Valid_Email_Valid_Password_Tied_Account" time="0.0" classname="com.ot.testcases.TC_02_OT_LoginPage">
    <ignored/>
  </testcase> <!-- TC_Verify_Login_With_Valid_Email_Valid_Password_Tied_Account -->
</testsuite> <!-- Chrome - ot Automation Testing Report -->
